Copyright 1986-2021 Xilinx, Inc. All Rights Reserved.
------------------------------------------------------------------------------------
| Tool Version : Vivado v.2021.1 (lin64) Build 3247384 Thu Jun 10 19:36:07 MDT 2021
| Date         : Sun Apr 28 03:10:05 2024
| Host         : ubuntu running 64-bit Ubuntu 18.04.6 LTS
| Command      : upgrade_ip
| Device       : xc7z020clg400-1
------------------------------------------------------------------------------------

Upgrade Log for IP 'xfft_v9'

1. Summary
----------

SUCCESS in the upgrade of xfft_v9 (xilinx.com:ip:xfft:9.1) from (Rev. 1) to (Rev. 6)






Copyright 1986-2021 Xilinx, Inc. All Rights Reserved.
------------------------------------------------------------------------------------
| Tool Version : Vivado v.2021.1 (lin64) Build 3247384 Thu Jun 10 19:36:07 MDT 2021
| Date         : Sun Apr 28 03:10:03 2024
| Host         : ubuntu running 64-bit Ubuntu 18.04.6 LTS
| Command      : upgrade_ip
| Device       : xc7z020clg400-1
------------------------------------------------------------------------------------

Upgrade Log for IP 'viterbi_v7_0'

1. Summary
----------

SUCCESS in the upgrade of viterbi_v7_0 (xilinx.com:ip:viterbi:9.1) from (Rev. 10) to (Rev. 12)






Copyright 1986-2021 Xilinx, Inc. All Rights Reserved.
------------------------------------------------------------------------------------
| Tool Version : Vivado v.2021.1 (lin64) Build 3247384 Thu Jun 10 19:36:07 MDT 2021
| Date         : Sun Apr 28 03:10:03 2024
| Host         : ubuntu running 64-bit Ubuntu 18.04.6 LTS
| Command      : upgrade_ip
| Device       : xc7z020clg400-1
------------------------------------------------------------------------------------

Upgrade Log for IP 'rot_lut'

1. Summary
----------

SUCCESS in the upgrade of rot_lut (xilinx.com:ip:blk_mem_gen:8.4) from (Rev. 2) to (Rev. 4)






Copyright 1986-2021 Xilinx, Inc. All Rights Reserved.
------------------------------------------------------------------------------------
| Tool Version : Vivado v.2021.1 (lin64) Build 3247384 Thu Jun 10 19:36:07 MDT 2021
| Date         : Sun Apr 28 03:10:02 2024
| Host         : ubuntu running 64-bit Ubuntu 18.04.6 LTS
| Command      : upgrade_ip
| Device       : xc7z020clg400-1
------------------------------------------------------------------------------------

Upgrade Log for IP 'div_gen_xlslice_0_0'

1. Summary
----------

SUCCESS in the upgrade of div_gen_xlslice_0_0 (xilinx.com:ip:xlslice:1.0) from (Rev. 1) to (Rev. 2)






Copyright 1986-2021 Xilinx, Inc. All Rights Reserved.
------------------------------------------------------------------------------------
| Tool Version : Vivado v.2021.1 (lin64) Build 3247384 Thu Jun 10 19:36:07 MDT 2021
| Date         : Sun Apr 28 03:10:02 2024
| Host         : ubuntu running 64-bit Ubuntu 18.04.6 LTS
| Command      : upgrade_ip
| Device       : xc7z020clg400-1
------------------------------------------------------------------------------------

Upgrade Log for IP 'div_gen_div_gen_0_0'

1. Summary
----------

SUCCESS in the upgrade of div_gen_div_gen_0_0 (xilinx.com:ip:div_gen:5.1) from (Rev. 14) to (Rev. 18)






Copyright 1986-2021 Xilinx, Inc. All Rights Reserved.
------------------------------------------------------------------------------------
| Tool Version : Vivado v.2021.1 (lin64) Build 3247384 Thu Jun 10 19:36:07 MDT 2021
| Date         : Sun Apr 28 03:10:02 2024
| Host         : ubuntu running 64-bit Ubuntu 18.04.6 LTS
| Command      : upgrade_ip
| Device       : xc7z020clg400-1
------------------------------------------------------------------------------------

Upgrade Log for IP 'deinter_lut'

1. Summary
----------

SUCCESS in the upgrade of deinter_lut (xilinx.com:ip:blk_mem_gen:8.4) from (Rev. 2) to (Rev. 4)






Copyright 1986-2021 Xilinx, Inc. All Rights Reserved.
------------------------------------------------------------------------------------
| Tool Version : Vivado v.2021.1 (lin64) Build 3247384 Thu Jun 10 19:36:07 MDT 2021
| Date         : Sun Apr 28 03:10:02 2024
| Host         : ubuntu running 64-bit Ubuntu 18.04.6 LTS
| Command      : upgrade_ip
| Device       : xc7z020clg400-1
------------------------------------------------------------------------------------

Upgrade Log for IP 'complex_multiplier'

1. Summary
----------

SUCCESS in the upgrade of complex_multiplier (xilinx.com:ip:cmpy:6.0) from (Rev. 16) to (Rev. 20)






Copyright 1986-2021 Xilinx, Inc. All Rights Reserved.
------------------------------------------------------------------------------------
| Tool Version : Vivado v.2021.1 (lin64) Build 3247384 Thu Jun 10 19:36:07 MDT 2021
| Date         : Sun Apr 28 03:10:01 2024
| Host         : ubuntu running 64-bit Ubuntu 18.04.6 LTS
| Command      : upgrade_ip
| Device       : xc7z020clg400-1
------------------------------------------------------------------------------------

Upgrade Log for IP 'atan_lut'

1. Summary
----------

SUCCESS in the upgrade of atan_lut (xilinx.com:ip:blk_mem_gen:8.4) from (Rev. 2) to (Rev. 4)

